 planar box N  layer  1    layer  2    layer  3    layer  4    layer
         1   2.690E+02
         2   0.000E+00
         3   1.526E-05  -1.526E-05   0.000E+00
         4   2.686E-03  -4.150E-03  -9.766E-03  -1.074E-02
         5   1.389E-03  -8.850E-04  -9.399E-03   8.301E-03
         6   2.441E-04   3.418E-03   9.766E-04
         7  -6.104E-04  -8.301E-03   0.000E+00   9.766E-03
         8  -2.441E-04  -9.766E-04   9.766E-04  -7.813E-03
         9  -6.714E-04  -7.324E-04  -4.395E-03   0.000E+00
        10   9.155E-04   2.197E-03   6.836E-03  -5.371E-03
        11  -1.266E-03   4.425E-03  -8.423E-03   1.367E-02
        12  -2.075E-03   1.465E-03   2.686E-03  -1.270E-02
        13   2.808E-03   9.460E-04   4.883E-04   7.813E-03
        14  -9.155E-04   4.028E-03  -2.441E-03
        15   6.714E-04  -4.242E-03   5.127E-03  -1.074E-02
        16  -1.099E-03  -3.662E-03  -5.859E-03   3.906E-03
        17   8.545E-04  -2.319E-03  -9.766E-04  -5.859E-03
        18   5.493E-04  -3.662E-03   1.123E-02   1.953E-02
        19  -8.545E-04   2.441E-03   8.789E-03  -3.906E-03
        20  -9.766E-04   4.883E-04  -1.953E-03   0.000E+00
        21   1.221E-03   0.000E+00  -7.324E-03  -8.545E-04
        22   4.120E-04  -3.510E-04  -5.760E-03   8.667E-03
        23  -3.967E-04   9.155E-05  -2.930E-03   3.125E-02
        24   3.967E-04   1.068E-03   4.395E-03  -3.320E-02
        25   4.578E-04   3.510E-03  -2.441E-04   5.859E-03
        26  -3.967E-04   5.798E-04   9.766E-04  -1.563E-02
        27  -1.312E-03  -2.350E-03   4.883E-04   1.465E-02
        28   3.052E-05  -5.646E-03   1.953E-03   1.953E-03
        29  -1.381E-03  -1.854E-03  -4.883E-03  -3.906E-03
        30  -4.044E-04   2.174E-03   5.371E-03  -9.766E-03
        31  -5.875E-04  -5.760E-03   5.859E-03   9.766E-04
        32  -8.926E-04   1.023E-02   9.766E-04   9.766E-04
        33   0.000E+00   3.418E-03
        34   1.221E-04
        35  -2.441E-04   0.000E+00
        36   1.221E-04   1.221E-04
        37   5.493E-04   1.099E-03   9.766E-04
        38  -4.883E-04   3.540E-03  -9.766E-04   0.000E+00
        39   1.831E-04   7.935E-04   2.197E-03
        40   9.155E-04   1.160E-03  -2.441E-04  -9.766E-04
        41  -2.441E-04   1.709E-03   3.418E-03  -1.953E-03
        42  -7.324E-04  -6.592E-03  -5.859E-03   9.766E-04
        43   5.035E-04   2.792E-03   7.713E-03  -4.883E-03
        44   9.155E-05
        45   6.104E-05
        46   1.831E-04  -1.831E-04
        47   4.120E-04  -6.104E-05
        48   3.815E-05
        49   0.000E+00
        50   0.000E+00
        51  -5.260E+01
        52  -2.024E+02
        53  -1.400E+01
