 planar box N  layer  1    layer  2    layer  3    layer  4    layer
         1   2.700E+02
         2   0.000E+00
         3   7.629E-06  -7.629E-06   0.000E+00
         4   1.678E-04  -9.750E-03   1.074E-02  -5.859E-03
         5   1.823E-03   3.693E-03  -1.611E-02   5.859E-03
         6   0.000E+00  -4.883E-03   1.953E-03
         7  -1.221E-04   1.221E-02  -3.906E-03   3.125E-02
         8   1.221E-03   3.906E-03  -1.953E-03  -5.469E-02
         9  -8.545E-04   0.000E+00   1.367E-02   5.078E-02
        10  -1.953E-03  -7.324E-04  -1.270E-02  -1.172E-02
        11   3.128E-04  -3.052E-05  -4.395E-03   5.469E-02
        12   8.545E-04  -4.639E-03   1.172E-02  -7.422E-02
        13   2.441E-04   2.930E-03   3.906E-03   5.469E-02
        14   3.662E-04  -4.639E-03  -3.906E-03
        15  -1.221E-03  -2.686E-03  -7.813E-03  -7.031E-02
        16  -9.766E-04  -2.930E-03   0.000E+00   7.813E-03
        17   0.000E+00   1.709E-03  -9.766E-03  -7.813E-03
        18  -1.953E-03  -4.883E-03   1.172E-02   2.344E-02
        19   2.808E-03   5.371E-03  -3.906E-03   3.125E-02
        20  -1.221E-03  -2.930E-03   3.906E-03  -1.172E-02
        21  -6.104E-05   4.883E-03   9.766E-04  -2.197E-03
        22  -1.404E-03  -2.563E-03   9.766E-04  -9.521E-03
        23   7.324E-04   4.395E-03  -1.074E-02  -2.734E-02
        24   2.319E-03   0.000E+00   5.859E-03   7.031E-02
        25  -1.831E-03  -2.441E-03   9.766E-03  -4.297E-02
        26   0.000E+00  -4.883E-04  -9.766E-03  -7.813E-03
        27  -9.766E-04   1.953E-03   9.766E-03  -1.563E-02
        28   2.808E-03   5.615E-03   1.953E-03  -3.906E-03
        29  -2.075E-03   4.395E-03   7.813E-03   6.250E-02
        30  -3.662E-04  -3.174E-03  -1.953E-03  -4.688E-02
        31  -7.324E-04  -6.592E-03   1.367E-02  -3.906E-03
        32   2.258E-03  -7.324E-04  -9.766E-04   0.000E+00
        33  -1.709E-03   3.983E-03
        34  -1.343E-03
        35  -2.136E-04  -1.350E-03
        36  -1.251E-03   3.418E-03
        37   3.113E-03  -9.766E-04   0.000E+00
        38  -8.545E-04   2.197E-03  -9.766E-03   0.000E+00
        39   2.136E-04  -5.371E-03  -3.418E-03
        40   1.099E-03   9.705E-03  -6.348E-03   1.172E-02
        41  -3.662E-04  -1.025E-02   0.000E+00  -5.859E-03
        42  -8.545E-04   8.301E-03   0.000E+00  -9.766E-03
        43   6.104E-04  -4.761E-03  -9.766E-04   7.813E-03
        44   1.144E-04
        45  -6.104E-04
        46  -1.068E-04  -4.120E-04
        47   2.403E-04   2.947E-04
        48   6.676E-06
        49   0.000E+00
        50   0.000E+00
        51  -5.260E+01
        52  -2.024E+02
        53  -1.500E+01
