 planar box N  layer  1    layer  2    layer  3    layer  4    layer
         1   2.690E+02
         2   0.000E+00
         3   1.526E-05  -1.526E-05   0.000E+00
         4  -9.766E-04  -4.517E-03  -1.367E-02   8.789E-03
         5  -2.747E-04  -2.899E-03   3.906E-03   4.883E-03
         6  -9.766E-04   1.587E-03   2.930E-03
         7   3.052E-04   1.953E-03  -9.766E-04  -1.953E-03
         8   1.221E-04  -1.953E-03   0.000E+00  -4.883E-03
         9   7.324E-04   4.883E-04   6.836E-03   2.930E-03
        10  -3.418E-03   1.465E-03  -6.104E-03   0.000E+00
        11   4.181E-03  -4.425E-03  -1.465E-03   0.000E+00
        12  -1.221E-04  -7.324E-04   1.953E-03   0.000E+00
        13   2.441E-04  -6.104E-03  -9.766E-03   3.906E-03
        14  -9.155E-04   8.301E-03   0.000E+00
        15  -5.493E-04   3.174E-03   9.766E-03  -5.859E-03
        16  -6.714E-04   4.883E-04   9.766E-04   3.906E-03
        17   1.282E-03  -5.371E-03   1.953E-03   0.000E+00
        18   7.324E-04   1.221E-03  -1.465E-03   9.766E-03
        19  -1.770E-03  -1.953E-03  -4.883E-03   5.859E-03
        20   1.343E-03  -2.441E-03   2.930E-03  -6.836E-03
        21  -3.052E-04   3.662E-03  -9.766E-04  -2.991E-03
        22   1.266E-03  -2.747E-04   2.350E-03  -6.775E-03
        23   7.019E-04  -6.989E-03  -5.371E-03   6.836E-03
        24   5.798E-04   3.021E-03   6.836E-03  -1.563E-02
        25   3.967E-04   2.289E-03  -4.883E-03  -5.859E-03
        26   1.526E-04  -3.967E-04   0.000E+00   1.758E-02
        27  -1.251E-03  -2.838E-03   1.465E-03  -1.465E-02
        28   5.798E-04   1.419E-02   2.930E-03  -3.906E-03
        29  -8.926E-04  -8.385E-03   2.197E-03   1.953E-03
        30  -1.602E-04   5.104E-03  -4.395E-03  -1.953E-03
        31  -5.875E-04   1.686E-03   0.000E+00  -9.766E-04
        32   2.289E-05   8.400E-03  -9.766E-04   9.766E-04
        33   1.221E-04  -9.766E-04
        34   0.000E+00
        35   9.766E-04   0.000E+00
        36   0.000E+00  -9.277E-03
        37  -1.160E-03   1.221E-03   0.000E+00
        38   9.766E-04   7.324E-04   8.789E-03   0.000E+00
        39   2.441E-04   4.272E-04  -5.371E-03
        40  -3.662E-04  -1.465E-03   9.766E-04  -9.766E-04
        41   0.000E+00   2.441E-04   2.441E-03   0.000E+00
        42  -3.662E-04   0.000E+00  -4.883E-04   9.766E-04
        43  -4.120E-04   1.251E-03   1.556E-03   4.883E-03
        44   9.155E-05
        45  -9.766E-04
        46   7.935E-04  -1.831E-04
        47   5.951E-04   2.441E-04
        48  -2.670E-04
        49   0.000E+00
        50   0.000E+00
        51  -5.260E+01
        52  -2.024E+02
        53  -1.400E+01
