 planar box N  layer  1    layer  2    layer  3    layer  4    layer
         1   2.690E+02
         2   0.000E+00
         3   1.526E-05  -1.526E-05   0.000E+00
         4  -5.920E-03   4.883E-04  -1.074E-02  -1.367E-02
         5   2.640E-03   2.075E-03  -4.913E-03  -4.883E-03
         6  -7.324E-04   1.465E-03  -2.930E-03
         7  -3.052E-04   1.465E-03   1.953E-03  -4.492E-02
         8   9.766E-04  -3.662E-03   3.906E-03   1.953E-03
         9   1.221E-04  -9.766E-04  -3.906E-03   7.813E-02
        10  -4.059E-03   1.587E-03   1.953E-03  -4.785E-02
        11   3.616E-03   0.000E+00  -5.829E-03   3.711E-02
        12   4.456E-03   1.221E-03   5.859E-03  -3.320E-02
        13  -2.014E-03  -3.418E-03  -4.883E-03   1.563E-02
        14  -1.343E-03   3.174E-03   9.766E-03
        15   2.441E-04   4.150E-03   0.000E+00   1.563E-02
        16  -1.099E-03  -7.324E-04   6.836E-03   2.344E-02
        17   6.104E-04  -9.521E-03  -1.367E-02  -3.906E-03
        18   0.000E+00   4.883E-04  -9.766E-03  -7.813E-03
        19  -1.404E-03  -9.766E-04   1.563E-02  -6.055E-02
        20  -3.662E-04   9.766E-04   0.000E+00   1.563E-02
        21   1.465E-03   5.371E-03   1.465E-03   6.104E-04
        22   4.593E-03   1.602E-03  -2.020E-03   9.155E-03
        23  -3.937E-03  -2.838E-03  -6.836E-03   6.543E-02
        24   8.850E-04  -1.526E-04   3.906E-03  -7.031E-02
        25  -3.357E-04  -5.768E-03   7.813E-03   5.469E-02
        26   2.747E-04   4.486E-03  -1.172E-02  -9.375E-02
        27   1.007E-03  -2.350E-03   1.465E-02   8.203E-02
        28  -8.240E-04  -2.045E-03   9.766E-04  -3.516E-02
        29  -8.621E-04   3.944E-03  -8.789E-03  -3.906E-03
        30   5.180E-03  -5.272E-03   1.953E-03   1.758E-02
        31  -4.128E-03  -1.366E-03  -1.953E-03   1.172E-02
        32   3.891E-04   1.076E-03  -1.953E-03   1.953E-03
        33  -3.662E-04  -9.766E-04
        34  -1.221E-04
        35   1.221E-04   0.000E+00
        36   1.221E-04   4.883E-04
        37   1.221E-04   6.470E-03   1.953E-03
        38   1.099E-03   1.221E-04   7.813E-03   0.000E+00
        39   1.831E-04  -1.221E-04   3.906E-03
        40  -3.662E-04   4.883E-04  -5.859E-03  -7.813E-03
        41   7.324E-04   4.883E-04   0.000E+00  -8.789E-03
        42  -1.221E-03  -5.859E-03   0.000E+00   4.883E-03
        43   1.511E-03   4.501E-03   5.438E-03   9.766E-04
        44   9.155E-05
        45  -4.883E-04
        46  -6.104E-04  -6.104E-05
        47  -2.289E-04  -6.104E-05
        48   3.128E-04
        49   0.000E+00
        50   0.000E+00
        51  -5.260E+01
        52  -2.024E+02
        53  -1.400E+01
