 planar box N  layer  1    layer  2    layer  3    layer  4    layer
         1   2.690E+02
         2   0.000E+00
         3   1.526E-05  -1.526E-05   0.000E+00
         4   6.104E-04   2.563E-03  -1.953E-03  -9.766E-03
         5   3.662E-04   2.167E-03  -7.721E-03   1.465E-03
         6   0.000E+00  -1.465E-03  -3.906E-03
         7  -7.935E-04  -3.662E-03   5.859E-03   0.000E+00
         8  -4.272E-04  -3.662E-03  -4.883E-03  -9.766E-04
         9  -9.155E-04   5.127E-03  -4.883E-04   9.766E-03
        10   6.104E-05  -8.301E-03   9.277E-03   4.883E-04
        11   1.831E-04   3.326E-03  -2.045E-03  -3.906E-03
        12   2.441E-04   1.709E-03   9.766E-04   1.953E-03
        13  -2.441E-04  -4.883E-04   2.441E-03  -7.813E-03
        14  -5.493E-04  -1.587E-03   4.883E-04
        15  -4.272E-04  -3.662E-03  -1.465E-03   0.000E+00
        16   8.545E-04   1.221E-03  -1.953E-03  -7.813E-03
        17  -4.272E-04  -3.540E-03  -1.953E-03  -1.953E-03
        18   8.545E-04   0.000E+00   1.953E-03   1.953E-03
        19  -6.104E-05  -9.766E-04  -3.906E-03   1.953E-03
        20  -2.441E-04   3.174E-03  -1.953E-03   7.813E-03
        21   4.272E-04   1.221E-03   4.395E-03  -2.441E-04
        22  -1.251E-03   4.486E-03   4.864E-03  -2.686E-03
        23   1.526E-04  -4.547E-03  -6.836E-03   9.766E-04
        24   3.052E-05   7.416E-03   4.883E-03  -5.859E-03
        25   9.460E-04  -2.594E-03   9.766E-03   8.301E-03
        26  -9.155E-05   5.798E-04  -5.371E-03   3.906E-03
        27  -8.240E-04  -3.967E-04   4.883E-04  -1.953E-03
        28   7.629E-04  -4.669E-03   9.766E-04   0.000E+00
        29  -6.790E-04   3.304E-03   4.883E-04   7.813E-03
        30  -3.128E-04  -1.274E-03   0.000E+00  -5.859E-03
        31   1.450E-04   1.076E-03   9.766E-03  -1.953E-03
        32  -2.213E-04   1.686E-03   9.766E-04   9.766E-04
        33   0.000E+00   0.000E+00
        34  -1.221E-04
        35   1.221E-04   0.000E+00
        36   2.441E-04  -1.221E-04
        37   7.935E-04   1.221E-03   9.766E-04
        38   1.099E-03   4.883E-04  -6.348E-03   0.000E+00
        39   0.000E+00  -4.272E-04  -3.418E-03
        40  -6.104E-04   3.174E-03   0.000E+00  -9.766E-04
        41   6.104E-04  -1.709E-03  -3.418E-03   2.930E-03
        42  -3.662E-04  -1.465E-03  -4.883E-04  -4.883E-04
        43   1.007E-03   8.850E-04  -4.692E-04   1.953E-03
        44  -3.052E-05
        45  -4.272E-04
        46  -6.104E-05   2.747E-04
        47  -3.052E-04  -5.798E-04
        48  -9.918E-05
        49   0.000E+00
        50   0.000E+00
        51  -5.260E+01
        52  -2.024E+02
        53  -1.400E+01
