 planar box N  layer  1    layer  2    layer  3    layer  4    layer
         1   2.690E+02
         2   0.000E+00
         3   1.526E-05  -1.526E-05   0.000E+00
         4  -2.197E-03  -1.709E-03  -1.050E-02  -1.318E-02
         5   1.129E-03  -1.831E-03  -1.251E-03  -2.930E-03
         6  -5.493E-04   8.545E-04   5.615E-03
         7   8.850E-04  -3.174E-03  -4.883E-03   5.859E-03
         8   0.000E+00   4.150E-03   2.197E-03   9.766E-04
         9   1.038E-03  -4.883E-04   0.000E+00   5.859E-03
        10  -3.723E-03   3.296E-03   6.348E-03   6.348E-03
        11   7.050E-03   7.324E-04  -2.411E-03  -5.859E-03
        12  -2.075E-03  -1.038E-03   4.883E-04   0.000E+00
        13  -1.816E-03   4.028E-03   5.371E-03   5.859E-03
        14   9.155E-05   1.587E-03  -5.859E-03
        15  -6.256E-04  -4.456E-03   4.395E-03   9.766E-04
        16  -8.545E-04   2.441E-04  -5.859E-03   0.000E+00
        17  -4.669E-03   1.709E-03   1.465E-03  -9.766E-04
        18   1.709E-03  -3.784E-03   1.074E-02  -2.930E-03
        19  -3.052E-04   8.789E-03   2.197E-03  -8.789E-03
        20   3.601E-03   2.441E-04  -3.662E-03   1.953E-03
        21  -2.441E-04  -7.568E-03   7.324E-04   5.646E-03
        22   1.114E-03  -4.883E-04  -3.696E-03   4.120E-03
        23  -6.409E-04   9.460E-04  -9.766E-04   4.883E-04
        24   1.862E-03   2.136E-04   9.766E-04   9.766E-04
        25   4.578E-04  -4.791E-03   4.883E-03   3.418E-03
        26  -6.409E-04   4.120E-03   9.766E-04   1.953E-03
        27   6.409E-04   1.556E-03  -4.883E-03   0.000E+00
        28   8.545E-04   3.357E-04  -7.324E-03  -3.906E-03
        29  -4.349E-04  -5.882E-03  -5.371E-03  -3.906E-03
        30   4.501E-04   5.959E-03   8.789E-03   1.953E-03
        31  -8.926E-04  -4.662E-03  -3.906E-03   9.766E-04
        32   2.975E-04   3.517E-03   4.883E-04  -1.953E-03
        33   0.000E+00  -1.953E-03
        34   1.221E-04
        35  -1.221E-04   0.000E+00
        36   1.221E-04  -2.441E-04
        37  -6.104E-04   8.545E-04   0.000E+00
        38  -1.221E-04  -2.197E-03   0.000E+00   0.000E+00
        39  -2.594E-04  -1.526E-05   6.104E-03
        40  -1.678E-04  -6.714E-04   2.686E-03   0.000E+00
        41   3.662E-04  -3.418E-03   1.465E-03  -3.418E-03
        42  -6.104E-04   1.465E-03  -4.883E-03  -4.883E-04
        43  -1.373E-04   2.930E-03  -4.539E-04   9.766E-04
        44  -3.052E-05
        45  -3.052E-05
        46  -6.104E-04   4.883E-04
        47   2.289E-04   3.204E-04
        48   3.738E-04
        49   0.000E+00
        50   0.000E+00
        51  -5.260E+01
        52  -2.024E+02
        53  -1.400E+01
